-------------------------------------------------------------------------------
Test set: com.taxdividend.backend.service.StorageServiceTest
-------------------------------------------------------------------------------
Tests run: 16, Failures: 5, Errors: 2, Skipped: 0, Time elapsed: 0.373 s <<< FAILURE! -- in com.taxdividend.backend.service.StorageServiceTest
com.taxdividend.backend.service.StorageServiceTest.shouldReturnFalseWhenFileDoesNotExist -- Time elapsed: 0.002 s <<< ERROR!
org.mockito.exceptions.base.MockitoException: 

Checked exception is invalid for this method!
Invalid: java.lang.Exception: Object does not exist
	at com.taxdividend.backend.service.StorageServiceTest.shouldReturnFalseWhenFileDoesNotExist(StorageServiceTest.java:231)

com.taxdividend.backend.service.StorageServiceTest.shouldThrowExceptionWhenFileIsEmpty -- Time elapsed: 0.003 s <<< FAILURE!
java.lang.AssertionError: 

Expecting code to raise a throwable.
	at com.taxdividend.backend.service.StorageServiceTest.shouldThrowExceptionWhenFileIsEmpty(StorageServiceTest.java:121)

com.taxdividend.backend.service.StorageServiceTest.shouldHandlePartialDeletionFailures -- Time elapsed: 0.010 s <<< FAILURE!
org.opentest4j.AssertionFailedError: 

expected: 2
 but was: 0
	at com.taxdividend.backend.service.StorageServiceTest.shouldHandlePartialDeletionFailures(StorageServiceTest.java:366)

com.taxdividend.backend.service.StorageServiceTest.shouldUploadFromInputStream -- Time elapsed: 0.003 s <<< FAILURE!
org.opentest4j.AssertionFailedError: 

expected: "forms/2024/12/test.pdf"
 but was: "test-folder/2026/01/fe0c98c9-2a1b-447e-93aa-2d42de87b26f_forms_2024_12_test.pdf"
	at com.taxdividend.backend.service.StorageServiceTest.shouldUploadFromInputStream(StorageServiceTest.java:146)

com.taxdividend.backend.service.StorageServiceTest.shouldHandleUploadWithNullContentType -- Time elapsed: 0.005 s <<< FAILURE!
org.opentest4j.AssertionFailedError: 

Expecting value to be true but was false
	at com.taxdividend.backend.service.StorageServiceTest.shouldHandleUploadWithNullContentType(StorageServiceTest.java:391)

com.taxdividend.backend.service.StorageServiceTest.shouldDeleteMultipleFiles -- Time elapsed: 0.001 s <<< FAILURE!
org.opentest4j.AssertionFailedError: 

expected: 3
 but was: 0
	at com.taxdividend.backend.service.StorageServiceTest.shouldDeleteMultipleFiles(StorageServiceTest.java:342)

com.taxdividend.backend.service.StorageServiceTest.shouldThrowExceptionWhenGeneratingUrlFails -- Time elapsed: 0.001 s <<< ERROR!
org.mockito.exceptions.base.MockitoException: 

Checked exception is invalid for this method!
Invalid: java.lang.Exception: MinIO error
	at com.taxdividend.backend.service.StorageServiceTest.shouldThrowExceptionWhenGeneratingUrlFails(StorageServiceTest.java:268)

