<?xml version="1.0" encoding="UTF-8"?>
<testsuite xmlns:xsi="http://www.w3.org/2001/XMLSchema-instance" xsi:noNamespaceSchemaLocation="https://maven.apache.org/surefire/maven-surefire-plugin/xsd/surefire-test-report.xsd" version="3.0.2" name="com.taxdividend.backend.controller.DividendControllerTest" time="0.381" tests="10" errors="0" skipped="3" failures="0">
  <properties>
[...]
</properties>
  <testcase name="shouldCalculateTaxForDividend" classname="Dividend Controller Tests" time="0.02">
    <system-out><![CDATA[2026-02-01 10:04:36 [main] INFO  o.s.t.c.s.AnnotationConfigContextLoaderUtils - Could not detect default configuration classes for test class [com.taxdividend.backend.controller.DividendControllerTest]: DividendControllerTest does not declare any static, non-private, non-final, nested classes annotated with @Configuration.
2026-02-01 10:04:36 [main] INFO  o.s.b.t.c.SpringBootTestContextBootstrapper - Found @SpringBootConfiguration com.taxdividend.backend.TaxDividendBackendApplication for test class com.taxdividend.backend.controller.DividendControllerTest

  .   ____          _            __ _ _
 /\\ / ___'_ __ _ _(_)_ __  __ _ \ \ \ \
( ( )\___ | '_ | '_| | '_ \/ _` | \ \ \ \
 \\/  ___)| |_)| | | | | || (_| |  ) ) ) )
  '  |____| .__|_| |_|_| |_\__, | / / / /
 =========|_|==============|___/=/_/_/_/

 :: Spring Boot ::                (v4.0.2)

2026-02-01 10:04:37 [main] INFO  c.t.b.c.DividendControllerTest - Starting DividendControllerTest using Java 25.0.2 with PID 75852 (started by hpiedois in /Users/hpiedois/perso/workspaces/tax-dividend-ai/backend)
2026-02-01 10:04:37 [main] DEBUG c.t.b.c.DividendControllerTest - Running with Spring Boot v4.0.2, Spring v7.0.3
2026-02-01 10:04:37 [main] INFO  c.t.b.c.DividendControllerTest - No active profile set, falling back to 1 default profile: "default"
2026-02-01 10:04:37 [main] DEBUG o.s.s.c.a.a.c.AuthenticationConfiguration$DefaultPasswordEncoderAuthenticationManagerBuilder - No authenticationProviders and no parentAuthenticationManager defined. Returning null.
2026-02-01 10:04:37 [main] DEBUG o.s.s.web.DefaultSecurityFilterChain - Will secure any request with filters: DisableEncodeUrlFilter, WebAsyncManagerIntegrationFilter, SecurityContextHolderFilter, HeaderWriterFilter, LogoutFilter, RequestCacheAwareFilter, SecurityContextHolderAwareRequestFilter, AnonymousAuthenticationFilter, ExceptionTranslationFilter, AuthorizationFilter
2026-02-01 10:04:37 [main] DEBUG o.s.s.c.a.w.c.WebSecurityConfiguration$CompositeFilterChainProxy - Filter 'springSecurityFilterChain' configured for use
2026-02-01 10:04:37 [main] INFO  o.s.b.t.m.w.SpringBootMockServletContext - Initializing Spring TestDispatcherServlet ''
2026-02-01 10:04:37 [main] INFO  o.s.t.w.s.TestDispatcherServlet - Initializing Servlet ''
2026-02-01 10:04:37 [main] INFO  o.s.t.w.s.TestDispatcherServlet - Completed initialization in 1 ms
2026-02-01 10:04:37 [main] INFO  c.t.b.c.DividendControllerTest - Started DividendControllerTest in 0.296 seconds (process running for 4.359)
2026-02-01 10:04:37 [main] DEBUG o.s.security.web.FilterChainProxy - Securing POST /internal/dividends/4cc21c33-c2a1-4233-9805-8b788d3fad07/calculate
2026-02-01 10:04:37 [main] DEBUG o.s.security.web.FilterChainProxy - Secured POST /internal/dividends/4cc21c33-c2a1-4233-9805-8b788d3fad07/calculate
2026-02-01 10:04:37 [main] DEBUG o.s.s.w.a.AnonymousAuthenticationFilter - Set SecurityContextHolder to anonymous SecurityContext
]]></system-out>
  </testcase>
  <testcase name="shouldNotAllowAccessToOtherUserDividend" classname="Dividend Controller Tests" time="0.004">
    <system-out><![CDATA[2026-02-01 10:04:37 [main] DEBUG o.s.security.web.FilterChainProxy - Securing GET /internal/dividends/6ec29248-d72e-414d-a4a6-85e44d6df16d
2026-02-01 10:04:37 [main] DEBUG o.s.security.web.FilterChainProxy - Secured GET /internal/dividends/6ec29248-d72e-414d-a4a6-85e44d6df16d
2026-02-01 10:04:37 [main] DEBUG o.s.s.w.a.AnonymousAuthenticationFilter - Set SecurityContextHolder to anonymous SecurityContext
]]></system-out>
  </testcase>
  <testcase name="shouldGetDividendsByDateRange" classname="Dividend Controller Tests" time="0.0">
    <skipped message="Endpoint /internal/dividends/by-date-range not in OpenAPI spec - contract-first violation"/>
  </testcase>
  <testcase name="shouldGetDividendById" classname="Dividend Controller Tests" time="0.006">
    <system-out><![CDATA[2026-02-01 10:04:37 [main] DEBUG o.s.security.web.FilterChainProxy - Securing GET /internal/dividends/2fb38e23-6184-4072-abe2-7f4eee06d767
2026-02-01 10:04:37 [main] DEBUG o.s.security.web.FilterChainProxy - Secured GET /internal/dividends/2fb38e23-6184-4072-abe2-7f4eee06d767
2026-02-01 10:04:37 [main] DEBUG o.s.s.w.a.AnonymousAuthenticationFilter - Set SecurityContextHolder to anonymous SecurityContext
]]></system-out>
  </testcase>
  <testcase name="shouldCalculateAllUserDividends" classname="Dividend Controller Tests" time="0.0">
    <skipped message="Endpoint /internal/dividends/calculate-all not in OpenAPI spec - contract-first violation"/>
  </testcase>
  <testcase name="shouldGetUnsubmittedDividends" classname="Dividend Controller Tests" time="0.0">
    <skipped message="Endpoint /internal/dividends/unsubmitted not in OpenAPI spec - contract-first violation"/>
  </testcase>
  <testcase name="shouldReturn404WhenDividendNotFound" classname="Dividend Controller Tests" time="0.004">
    <system-out><![CDATA[2026-02-01 10:04:37 [main] DEBUG o.s.security.web.FilterChainProxy - Securing GET /internal/dividends/85a926c3-5444-4a2a-8d87-02fd1a7dc861
2026-02-01 10:04:37 [main] DEBUG o.s.security.web.FilterChainProxy - Secured GET /internal/dividends/85a926c3-5444-4a2a-8d87-02fd1a7dc861
2026-02-01 10:04:37 [main] DEBUG o.s.s.w.a.AnonymousAuthenticationFilter - Set SecurityContextHolder to anonymous SecurityContext
]]></system-out>
  </testcase>
  <testcase name="shouldListUserDividends" classname="Dividend Controller Tests" time="0.008">
    <system-out><![CDATA[2026-02-01 10:04:37 [main] DEBUG o.s.security.web.FilterChainProxy - Securing GET /internal/dividends
2026-02-01 10:04:37 [main] DEBUG o.s.security.web.FilterChainProxy - Secured GET /internal/dividends
2026-02-01 10:04:37 [main] DEBUG o.s.s.w.a.AnonymousAuthenticationFilter - Set SecurityContextHolder to anonymous SecurityContext
]]></system-out>
  </testcase>
  <testcase name="shouldDeleteDividend" classname="Dividend Controller Tests" time="0.004">
    <system-out><![CDATA[2026-02-01 10:04:37 [main] DEBUG o.s.security.web.FilterChainProxy - Securing DELETE /internal/dividends/c49606a2-4e3b-4033-8419-eee119b1793e
2026-02-01 10:04:37 [main] DEBUG o.s.security.web.FilterChainProxy - Secured DELETE /internal/dividends/c49606a2-4e3b-4033-8419-eee119b1793e
2026-02-01 10:04:37 [main] DEBUG o.s.s.w.a.AnonymousAuthenticationFilter - Set SecurityContextHolder to anonymous SecurityContext
]]></system-out>
  </testcase>
  <testcase name="shouldCalculateBatch" classname="Dividend Controller Tests" time="0.022">
    <system-out><![CDATA[2026-02-01 10:04:37 [main] DEBUG o.s.security.web.FilterChainProxy - Securing POST /internal/dividends/calculate-batch
2026-02-01 10:04:37 [main] DEBUG o.s.security.web.FilterChainProxy - Secured POST /internal/dividends/calculate-batch
2026-02-01 10:04:37 [main] INFO  c.t.b.controller.DividendController - Batch calculation completed: 2 dividends, 25.00 total reclaimable
2026-02-01 10:04:37 [main] DEBUG o.s.s.w.a.AnonymousAuthenticationFilter - Set SecurityContextHolder to anonymous SecurityContext
]]></system-out>
  </testcase>
</testsuite>