<?xml version="1.0" encoding="UTF-8" standalone="yes"?><!DOCTYPE report PUBLIC "-//JACOCO//DTD Report 1.1//EN" "report.dtd"><report name="bff-gateway"><sessioninfo id="herves-macbook-pro-1.home-968ca06f" start="1769936308931" dump="1769936310756"/><package name="com/taxdividend/bff/security"><class name="com/taxdividend/bff/security/SecurityConfig" sourcefilename="SecurityConfig.java"><method name="&lt;init&gt;" desc="()V" line="20"><counter type="INSTRUCTION" missed="3" covered="0"/><counter type="LINE" missed="1" covered="0"/><counter type="COMPLEXITY" missed="1" covered="0"/><counter type="METHOD" missed="1" covered="0"/></method><method name="securityWebFilterChain" desc="(Lorg/springframework/security/config/web/server/ServerHttpSecurity;)Lorg/springframework/security/web/server/SecurityWebFilterChain;" line="27"><counter type="INSTRUCTION" missed="14" covered="0"/><counter type="LINE" missed="7" covered="0"/><counter type="COMPLEXITY" missed="1" covered="0"/><counter type="METHOD" missed="1" covered="0"/></method><method name="corsConfigurationSource" desc="()Lorg/springframework/web/cors/reactive/CorsConfigurationSource;" line="40"><counter type="INSTRUCTION" missed="65" covered="0"/><counter type="LINE" missed="8" covered="0"/><counter type="COMPLEXITY" missed="1" covered="0"/><counter type="METHOD" missed="1" covered="0"/></method><method name="lambda$securityWebFilterChain$2" desc="(Lorg/springframework/security/config/web/server/ServerHttpSecurity$OAuth2ResourceServerSpec;)V" line="33"><counter type="INSTRUCTION" missed="5" covered="0"/><counter type="LINE" missed="1" covered="0"/><counter type="COMPLEXITY" missed="1" covered="0"/><counter type="METHOD" missed="1" covered="0"/></method><method name="lambda$securityWebFilterChain$1" desc="(Lorg/springframework/security/config/web/server/ServerHttpSecurity$AuthorizeExchangeSpec;)V" line="31"><counter type="INSTRUCTION" missed="14" covered="0"/><counter type="LINE" missed="2" covered="0"/><counter type="COMPLEXITY" missed="1" covered="0"/><counter type="METHOD" missed="1" covered="0"/></method><method name="lambda$securityWebFilterChain$0" desc="(Lorg/springframework/security/config/web/server/ServerHttpSecurity$CorsSpec;)V" line="29"><counter type="INSTRUCTION" missed="6" covered="0"/><counter type="LINE" missed="1" covered="0"/><counter type="COMPLEXITY" missed="1" covered="0"/><counter type="METHOD" missed="1" covered="0"/></method><counter type="INSTRUCTION" missed="107" covered="0"/><counter type="LINE" missed="18" covered="0"/><counter type="COMPLEXITY" missed="6" covered="0"/><counter type="METHOD" missed="6" covered="0"/><counter type="CLASS" missed="1" covered="0"/></class><class name="com/taxdividend/bff/security/UserContext" sourcefilename="UserContext.java"><method name="&lt;init&gt;" desc="(Ljava/lang/String;Ljava/lang/String;Ljava/util/List;)V" line="5"><counter type="INSTRUCTION" missed="12" covered="0"/><counter type="LINE" missed="1" covered="0"/><counter type="COMPLEXITY" missed="1" covered="0"/><counter type="METHOD" missed="1" covered="0"/></method><counter type="INSTRUCTION" missed="12" covered="0"/><counter type="LINE" missed="1" covered="0"/><counter type="COMPLEXITY" missed="1" covered="0"/><counter type="METHOD" missed="1" covered="0"/><counter type="CLASS" missed="1" covered="0"/></class><class name="com/taxdividend/bff/security/UserProfile" sourcefilename="UserProfile.java"><method name="&lt;init&gt;" desc="(Ljava/lang/String;Ljava/lang/String;Ljava/lang/String;Ljava/lang/String;)V" line="3"><counter type="INSTRUCTION" missed="15" covered="0"/><counter type="LINE" missed="1" covered="0"/><counter type="COMPLEXITY" missed="1" covered="0"/><counter type="METHOD" missed="1" covered="0"/></method><counter type="INSTRUCTION" missed="15" covered="0"/><counter type="LINE" missed="1" covered="0"/><counter type="COMPLEXITY" missed="1" covered="0"/><counter type="METHOD" missed="1" covered="0"/><counter type="CLASS" missed="1" covered="0"/></class><sourcefile name="UserContext.java"><line nr="5" mi="12" ci="0" mb="0" cb="0"/><counter type="INSTRUCTION" missed="12" covered="0"/><counter type="LINE" missed="1" covered="0"/><counter type="COMPLEXITY" missed="1" covered="0"/><counter type="METHOD" missed="1" covered="0"/><counter type="CLASS" missed="1" covered="0"/></sourcefile><sourcefile name="SecurityConfig.java"><line nr="20" mi="3" ci="0" mb="0" cb="0"/><line nr="27" mi="3" ci="0" mb="0" cb="0"/><line nr="28" mi="3" ci="0" mb="0" cb="0"/><line nr="29" mi="8" ci="0" mb="0" cb="0"/><line nr="30" mi="2" ci="0" mb="0" cb="0"/><line nr="31" mi="11" ci="0" mb="0" cb="0"/><line nr="32" mi="3" ci="0" mb="0" cb="0"/><line nr="33" mi="6" ci="0" mb="0" cb="0"/><line nr="34" mi="2" ci="0" mb="0" cb="0"/><line nr="35" mi="1" ci="0" mb="0" cb="0"/><line nr="40" mi="4" ci="0" mb="0" cb="0"/><line nr="41" mi="5" ci="0" mb="0" cb="0"/><line nr="42" mi="25" ci="0" mb="0" cb="0"/><line nr="43" mi="17" ci="0" mb="0" cb="0"/><line nr="44" mi="4" ci="0" mb="0" cb="0"/><line nr="46" mi="4" ci="0" mb="0" cb="0"/><line nr="47" mi="4" ci="0" mb="0" cb="0"/><line nr="48" mi="2" ci="0" mb="0" cb="0"/><counter type="INSTRUCTION" missed="107" covered="0"/><counter type="LINE" missed="18" covered="0"/><counter type="COMPLEXITY" missed="6" covered="0"/><counter type="METHOD" missed="6" covered="0"/><counter type="CLASS" missed="1" covered="0"/></sourcefile><sourcefile name="UserProfile.java"><line nr="3" mi="15" ci="0" mb="0" cb="0"/><counter type="INSTRUCTION" missed="15" covered="0"/><counter type="LINE" missed="1" covered="0"/><counter type="COMPLEXITY" missed="1" covered="0"/><counter type="METHOD" missed="1" covered="0"/><counter type="CLASS" missed="1" covered="0"/></sourcefile><counter type="INSTRUCTION" missed="134" covered="0"/><counter type="LINE" missed="20" covered="0"/><counter type="COMPLEXITY" missed="8" covered="0"/><counter type="METHOD" missed="8" covered="0"/><counter type="CLASS" missed="3" covered="0"/></package><package name="com/taxdividend/bff/service"><class name="com/taxdividend/bff/service/DividendService$StatementWithDividends" sourcefilename="DividendService.java"><method name="&lt;init&gt;" desc="(Lcom/taxdividend/bff/client/model/DividendStatement;Lcom/taxdividend/bff/agent/client/model/ParseResponse;Ljava/util/UUID;)V" line="315"><counter type="INSTRUCTION" missed="0" covered="12"/><counter type="LINE" missed="0" covered="1"/><counter type="COMPLEXITY" missed="0" covered="1"/><counter type="METHOD" missed="0" covered="1"/></method><counter type="INSTRUCTION" missed="0" covered="12"/><counter type="LINE" missed="0" covered="1"/><counter type="COMPLEXITY" missed="0" covered="1"/><counter type="METHOD" missed="0" covered="1"/><counter type="CLASS" missed="0" covered="1"/></class><class name="com/taxdividend/bff/service/FormService" sourcefilename="FormService.java"><method name="generateForms" desc="(Ljava/util/UUID;Lcom/taxdividend/bff/model/GenerateTaxFormsRequest;)Lreactor/core/publisher/Mono;" line="30"><counter type="INSTRUCTION" missed="58" covered="0"/><counter type="BRANCH" missed="4" covered="0"/><counter type="LINE" missed="14" covered="0"/><counter type="COMPLEXITY" missed="3" covered="0"/><counter type="METHOD" missed="1" covered="0"/></method><method name="listForms" desc="(Ljava/util/UUID;Ljava/lang/Integer;Ljava/lang/String;)Lreactor/core/publisher/Flux;" line="51"><counter type="INSTRUCTION" missed="14" covered="0"/><counter type="LINE" missed="2" covered="0"/><counter type="COMPLEXITY" missed="1" covered="0"/><counter type="METHOD" missed="1" covered="0"/></method><method name="getForm" desc="(Ljava/util/UUID;Ljava/util/UUID;)Lreactor/core/publisher/Mono;" line="56"><counter type="INSTRUCTION" missed="13" covered="0"/><counter type="LINE" missed="2" covered="0"/><counter type="COMPLEXITY" missed="1" covered="0"/><counter type="METHOD" missed="1" covered="0"/></method><method name="downloadForm" desc="(Ljava/util/UUID;Ljava/util/UUID;)Lreactor/core/publisher/Mono;" line="61"><counter type="INSTRUCTION" missed="8" covered="0"/><counter type="LINE" missed="2" covered="0"/><counter type="COMPLEXITY" missed="1" covered="0"/><counter type="METHOD" missed="1" covered="0"/></method><method name="getDownloadUrl" desc="(Ljava/util/UUID;Ljava/util/UUID;Ljava/lang/Integer;)Lreactor/core/publisher/Mono;" line="74"><counter type="INSTRUCTION" missed="14" covered="0"/><counter type="LINE" missed="2" covered="0"/><counter type="COMPLEXITY" missed="1" covered="0"/><counter type="METHOD" missed="1" covered="0"/></method><method name="deleteForm" desc="(Ljava/util/UUID;Ljava/util/UUID;)Lreactor/core/publisher/Mono;" line="79"><counter type="INSTRUCTION" missed="6" covered="0"/><counter type="LINE" missed="1" covered="0"/><counter type="COMPLEXITY" missed="1" covered="0"/><counter type="METHOD" missed="1" covered="0"/></method><method name="lambda$downloadForm$0" desc="(Ljava/io/File;)Lorg/springframework/http/ResponseEntity;" line="63"><counter type="INSTRUCTION" missed="29" covered="0"/><counter type="LINE" missed="6" covered="0"/><counter type="COMPLEXITY" missed="1" covered="0"/><counter type="METHOD" missed="1" covered="0"/></method><method name="&lt;clinit&gt;" desc="()V" line="23"><counter type="INSTRUCTION" missed="4" covered="0"/><counter type="LINE" missed="1" covered="0"/><counter type="COMPLEXITY" missed="1" covered="0"/><counter type="METHOD" missed="1" covered="0"/></method><counter type="INSTRUCTION" missed="146" covered="0"/><counter type="BRANCH" missed="4" covered="0"/><counter type="LINE" missed="30" covered="0"/><counter type="COMPLEXITY" missed="10" covered="0"/><counter type="METHOD" missed="8" covered="0"/><counter type="CLASS" missed="1" covered="0"/></class><class name="com/taxdividend/bff/service/DividendService$ImportResult" sourcefilename="DividendService.java"><method name="&lt;init&gt;" desc="(Lcom/taxdividend/bff/service/DividendService$StatementWithDividends;Lcom/taxdividend/bff/client/model/BulkImportDividendsResponse;)V" line="324"><counter type="INSTRUCTION" missed="0" covered="9"/><counter type="LINE" missed="0" covered="1"/><counter type="COMPLEXITY" missed="0" covered="1"/><counter type="METHOD" missed="0" covered="1"/></method><method name="agentResponse" desc="()Lcom/taxdividend/bff/agent/client/model/ParseResponse;" line="329"><counter type="INSTRUCTION" missed="0" covered="4"/><counter type="LINE" missed="0" covered="1"/><counter type="COMPLEXITY" missed="0" covered="1"/><counter type="METHOD" missed="0" covered="1"/></method><counter type="INSTRUCTION" missed="0" covered="13"/><counter type="LINE" missed="0" covered="2"/><counter type="COMPLEXITY" missed="0" covered="2"/><counter type="METHOD" missed="0" covered="2"/><counter type="CLASS" missed="0" covered="1"/></class><class name="com/taxdividend/bff/service/DividendService" sourcefilename="DividendService.java"><method name="getDividendStats" desc="(Ljava/util/UUID;Ljava/lang/Integer;)Lreactor/core/publisher/Mono;" line="42"><counter type="INSTRUCTION" missed="0" covered="12"/><counter type="LINE" missed="0" covered="3"/><counter type="COMPLEXITY" missed="0" covered="1"/><counter type="METHOD" missed="0" covered="1"/></method><method name="getDividendHistory" desc="(Ljava/util/UUID;Ljava/lang/Integer;Ljava/lang/Integer;)Lreactor/core/publisher/Mono;" line="54"><counter type="INSTRUCTION" missed="0" covered="15"/><counter type="LINE" missed="0" covered="2"/><counter type="COMPLEXITY" missed="0" covered="1"/><counter type="METHOD" missed="0" covered="1"/></method><method name="parseDividendStatement" desc="(Lorg/springframework/http/codec/multipart/Part;)Lreactor/core/publisher/Mono;" line="70"><counter type="INSTRUCTION" missed="0" covered="14"/><counter type="LINE" missed="0" covered="4"/><counter type="COMPLEXITY" missed="0" covered="1"/><counter type="METHOD" missed="0" covered="1"/></method><method name="validateFile" desc="(Lorg/springframework/http/codec/multipart/Part;)Lreactor/core/publisher/Mono;" line="82"><counter type="INSTRUCTION" missed="0" covered="40"/><counter type="BRANCH" missed="0" covered="8"/><counter type="LINE" missed="0" covered="8"/><counter type="COMPLEXITY" missed="0" covered="5"/><counter type="METHOD" missed="0" covered="1"/></method><method name="createTempFile" desc="(Lorg/springframework/http/codec/multipart/FilePart;)Lreactor/core/publisher/Mono;" line="101"><counter type="INSTRUCTION" missed="0" covered="6"/><counter type="LINE" missed="0" covered="2"/><counter type="COMPLEXITY" missed="0" covered="1"/><counter type="METHOD" missed="0" covered="1"/></method><method name="cleanupTempFile" desc="(Ljava/io/File;)V" line="110"><counter type="INSTRUCTION" missed="5" covered="11"/><counter type="BRANCH" missed="3" covered="3"/><counter type="LINE" missed="1" covered="4"/><counter type="COMPLEXITY" missed="3" covered="1"/><counter type="METHOD" missed="0" covered="1"/></method><method name="processStatement" desc="(Ljava/io/File;Lorg/springframework/http/codec/multipart/FilePart;)Lreactor/core/publisher/Mono;" line="121"><counter type="INSTRUCTION" missed="0" covered="22"/><counter type="LINE" missed="0" covered="6"/><counter type="COMPLEXITY" missed="0" covered="1"/><counter type="METHOD" missed="0" covered="1"/></method><method name="parseWithAgent" desc="(Ljava/io/File;)Lreactor/core/publisher/Mono;" line="132"><counter type="INSTRUCTION" missed="0" covered="12"/><counter type="LINE" missed="0" covered="3"/><counter type="COMPLEXITY" missed="0" covered="1"/><counter type="METHOD" missed="0" covered="1"/></method><method name="createStatementInBackend" desc="(Ljava/io/File;Lcom/taxdividend/bff/agent/client/model/ParseResponse;)Lreactor/core/publisher/Mono;" line="149"><counter type="INSTRUCTION" missed="0" covered="10"/><counter type="LINE" missed="0" covered="2"/><counter type="COMPLEXITY" missed="0" covered="1"/><counter type="METHOD" missed="0" covered="1"/></method><method name="importDividendsToBackend" desc="(Lcom/taxdividend/bff/service/DividendService$StatementWithDividends;)Lreactor/core/publisher/Mono;" line="170"><counter type="INSTRUCTION" missed="0" covered="49"/><counter type="BRANCH" missed="1" covered="3"/><counter type="LINE" missed="0" covered="9"/><counter type="COMPLEXITY" missed="1" covered="2"/><counter type="METHOD" missed="0" covered="1"/></method><method name="buildResponse" desc="(Lcom/taxdividend/bff/service/DividendService$ImportResult;)Lcom/taxdividend/bff/model/ParseStatementResponse;" line="191"><counter type="INSTRUCTION" missed="1" covered="40"/><counter type="BRANCH" missed="2" covered="4"/><counter type="LINE" missed="0" covered="9"/><counter type="COMPLEXITY" missed="2" covered="2"/><counter type="METHOD" missed="0" covered="1"/></method><method name="handleError" desc="(Ljava/lang/Throwable;)Lreactor/core/publisher/Mono;" line="210"><counter type="INSTRUCTION" missed="11" covered="24"/><counter type="BRANCH" missed="3" covered="7"/><counter type="LINE" missed="2" covered="5"/><counter type="COMPLEXITY" missed="3" covered="3"/><counter type="METHOD" missed="0" covered="1"/></method><method name="getUserId" desc="()Lreactor/core/publisher/Mono;" line="224"><counter type="INSTRUCTION" missed="0" covered="10"/><counter type="LINE" missed="0" covered="3"/><counter type="COMPLEXITY" missed="0" covered="1"/><counter type="METHOD" missed="0" covered="1"/></method><method name="extractPeriodStart" desc="(Lcom/taxdividend/bff/agent/client/model/ParseResponse;)Ljava/time/LocalDate;" line="230"><counter type="INSTRUCTION" missed="0" covered="22"/><counter type="BRANCH" missed="1" covered="3"/><counter type="LINE" missed="0" covered="7"/><counter type="COMPLEXITY" missed="1" covered="2"/><counter type="METHOD" missed="0" covered="1"/></method><method name="extractPeriodEnd" desc="(Lcom/taxdividend/bff/agent/client/model/ParseResponse;)Ljava/time/LocalDate;" line="241"><counter type="INSTRUCTION" missed="0" covered="22"/><counter type="BRANCH" missed="1" covered="3"/><counter type="LINE" missed="0" covered="7"/><counter type="COMPLEXITY" missed="1" covered="2"/><counter type="METHOD" missed="0" covered="1"/></method><method name="extractBroker" desc="(Lcom/taxdividend/bff/agent/client/model/ParseResponse;)Ljava/lang/String;" line="254"><counter type="INSTRUCTION" missed="0" covered="2"/><counter type="LINE" missed="0" covered="1"/><counter type="COMPLEXITY" missed="0" covered="1"/><counter type="METHOD" missed="0" covered="1"/></method><method name="buildBulkImportRequest" desc="(Lcom/taxdividend/bff/service/DividendService$StatementWithDividends;)Lcom/taxdividend/bff/client/model/BulkImportDividendsRequest;" line="260"><counter type="INSTRUCTION" missed="0" covered="25"/><counter type="LINE" missed="0" covered="7"/><counter type="COMPLEXITY" missed="0" covered="1"/><counter type="METHOD" missed="0" covered="1"/></method><method name="mapToBulkImportItem" desc="(Lcom/taxdividend/bff/agent/client/model/DividendData;)Lcom/taxdividend/bff/client/model/BulkImportDividendItem;" line="272"><counter type="INSTRUCTION" missed="0" covered="61"/><counter type="BRANCH" missed="3" covered="3"/><counter type="LINE" missed="0" covered="15"/><counter type="COMPLEXITY" missed="3" covered="1"/><counter type="METHOD" missed="0" covered="1"/></method><method name="mapToDividendData" desc="(Lcom/taxdividend/bff/agent/client/model/DividendData;)Lcom/taxdividend/bff/model/DividendData;" line="295"><counter type="INSTRUCTION" missed="0" covered="34"/><counter type="LINE" missed="0" covered="9"/><counter type="COMPLEXITY" missed="0" covered="1"/><counter type="METHOD" missed="0" covered="1"/></method><method name="lambda$extractPeriodEnd$0" desc="(Lcom/taxdividend/bff/agent/client/model/DividendData;)Ljava/time/LocalDate;" line="245"><counter type="INSTRUCTION" missed="0" covered="3"/><counter type="LINE" missed="0" covered="1"/><counter type="COMPLEXITY" missed="0" covered="1"/><counter type="METHOD" missed="0" covered="1"/></method><method name="lambda$extractPeriodStart$0" desc="(Lcom/taxdividend/bff/agent/client/model/DividendData;)Ljava/time/LocalDate;" line="234"><counter type="INSTRUCTION" missed="0" covered="3"/><counter type="LINE" missed="0" covered="1"/><counter type="COMPLEXITY" missed="0" covered="1"/><counter type="METHOD" missed="0" covered="1"/></method><method name="lambda$getUserId$0" desc="(Lorg/springframework/security/core/context/SecurityContext;)Ljava/util/UUID;" line="225"><counter type="INSTRUCTION" missed="0" covered="5"/><counter type="LINE" missed="0" covered="1"/><counter type="COMPLEXITY" missed="0" covered="1"/><counter type="METHOD" missed="0" covered="1"/></method><method name="lambda$importDividendsToBackend$1" desc="(Lcom/taxdividend/bff/service/DividendService$StatementWithDividends;Ljava/lang/Throwable;)Lreactor/core/publisher/Mono;" line="183"><counter type="INSTRUCTION" missed="0" covered="14"/><counter type="LINE" missed="0" covered="2"/><counter type="COMPLEXITY" missed="0" covered="1"/><counter type="METHOD" missed="0" covered="1"/></method><method name="lambda$importDividendsToBackend$0" desc="(Lcom/taxdividend/bff/service/DividendService$StatementWithDividends;Lcom/taxdividend/bff/client/model/BulkImportDividendsResponse;)Lcom/taxdividend/bff/service/DividendService$ImportResult;" line="181"><counter type="INSTRUCTION" missed="0" covered="6"/><counter type="LINE" missed="0" covered="1"/><counter type="COMPLEXITY" missed="0" covered="1"/><counter type="METHOD" missed="0" covered="1"/></method><method name="lambda$createStatementInBackend$2" desc="(Ljava/lang/Throwable;)Lreactor/core/publisher/Mono;" line="162"><counter type="INSTRUCTION" missed="0" covered="11"/><counter type="LINE" missed="0" covered="2"/><counter type="COMPLEXITY" missed="0" covered="1"/><counter type="METHOD" missed="0" covered="1"/></method><method name="lambda$createStatementInBackend$0" desc="(Lcom/taxdividend/bff/agent/client/model/ParseResponse;Ljava/io/File;Ljava/util/UUID;)Lreactor/core/publisher/Mono;" line="151"><counter type="INSTRUCTION" missed="0" covered="42"/><counter type="LINE" missed="0" covered="6"/><counter type="COMPLEXITY" missed="0" covered="1"/><counter type="METHOD" missed="0" covered="1"/></method><method name="lambda$createStatementInBackend$1" desc="(Lcom/taxdividend/bff/agent/client/model/ParseResponse;Ljava/util/UUID;Lcom/taxdividend/bff/client/model/DividendStatement;)Lcom/taxdividend/bff/service/DividendService$StatementWithDividends;" line="160"><counter type="INSTRUCTION" missed="0" covered="7"/><counter type="LINE" missed="0" covered="1"/><counter type="COMPLEXITY" missed="0" covered="1"/><counter type="METHOD" missed="0" covered="1"/></method><method name="lambda$parseWithAgent$1" desc="(Ljava/io/File;Ljava/lang/Throwable;)Lreactor/core/publisher/Mono;" line="138"><counter type="INSTRUCTION" missed="0" covered="13"/><counter type="LINE" missed="0" covered="2"/><counter type="COMPLEXITY" missed="0" covered="1"/><counter type="METHOD" missed="0" covered="1"/></method><method name="lambda$parseWithAgent$0" desc="(Ljava/io/File;Lcom/taxdividend/bff/agent/client/model/ParseResponse;)V" line="134"><counter type="INSTRUCTION" missed="1" covered="16"/><counter type="BRANCH" missed="1" covered="1"/><counter type="LINE" missed="0" covered="3"/><counter type="COMPLEXITY" missed="1" covered="1"/><counter type="METHOD" missed="0" covered="1"/></method><method name="lambda$processStatement$0" desc="(Ljava/io/File;Lcom/taxdividend/bff/agent/client/model/ParseResponse;)Lreactor/core/publisher/Mono;" line="123"><counter type="INSTRUCTION" missed="0" covered="5"/><counter type="LINE" missed="0" covered="1"/><counter type="COMPLEXITY" missed="0" covered="1"/><counter type="METHOD" missed="0" covered="1"/></method><method name="lambda$createTempFile$1" desc="(Ljava/lang/Throwable;)Lreactor/core/publisher/Mono;" line="104"><counter type="INSTRUCTION" missed="11" covered="0"/><counter type="LINE" missed="2" covered="0"/><counter type="COMPLEXITY" missed="1" covered="0"/><counter type="METHOD" missed="1" covered="0"/></method><method name="lambda$createTempFile$0" desc="(Lorg/springframework/http/codec/multipart/FilePart;)Ljava/io/File;" line="102"><counter type="INSTRUCTION" missed="0" covered="6"/><counter type="LINE" missed="0" covered="1"/><counter type="COMPLEXITY" missed="0" covered="1"/><counter type="METHOD" missed="0" covered="1"/></method><method name="lambda$parseDividendStatement$0" desc="(Lorg/springframework/http/codec/multipart/Part;Ljava/io/File;)Lreactor/core/publisher/Mono;" line="74"><counter type="INSTRUCTION" missed="0" covered="10"/><counter type="LINE" missed="0" covered="2"/><counter type="COMPLEXITY" missed="0" covered="1"/><counter type="METHOD" missed="0" covered="1"/></method><method name="lambda$parseDividendStatement$1" desc="(Ljava/io/File;Lreactor/core/publisher/SignalType;)V" line="75"><counter type="INSTRUCTION" missed="0" covered="4"/><counter type="LINE" missed="0" covered="1"/><counter type="COMPLEXITY" missed="0" covered="1"/><counter type="METHOD" missed="0" covered="1"/></method><method name="lambda$getDividendHistory$0" desc="(Ljava/lang/Integer;Ljava/lang/Integer;Lcom/taxdividend/bff/client/model/ListDividends200Response;)Lcom/taxdividend/bff/model/DividendHistoryResponse;" line="56"><counter type="INSTRUCTION" missed="0" covered="34"/><counter type="LINE" missed="0" covered="9"/><counter type="COMPLEXITY" missed="0" covered="1"/><counter type="METHOD" missed="0" covered="1"/></method><method name="lambda$getDividendStats$0" desc="(Lcom/taxdividend/bff/client/model/DividendStatsDTO;)Lcom/taxdividend/bff/model/DividendStats;" line="45"><counter type="INSTRUCTION" missed="0" covered="18"/><counter type="LINE" missed="0" covered="5"/><counter type="COMPLEXITY" missed="0" covered="1"/><counter type="METHOD" missed="0" covered="1"/></method><method name="&lt;clinit&gt;" desc="()V" line="31"><counter type="INSTRUCTION" missed="0" covered="4"/><counter type="LINE" missed="0" covered="1"/><counter type="COMPLEXITY" missed="0" covered="1"/><counter type="METHOD" missed="0" covered="1"/></method><counter type="INSTRUCTION" missed="29" covered="632"/><counter type="BRANCH" missed="15" covered="35"/><counter type="LINE" missed="5" covered="138"/><counter type="COMPLEXITY" missed="16" covered="46"/><counter type="METHOD" missed="1" covered="36"/><counter type="CLASS" missed="0" covered="1"/></class><sourcefile name="FormService.java"><line nr="23" mi="4" ci="0" mb="0" cb="0"/><line nr="30" mi="4" ci="0" mb="0" cb="0"/><line nr="32" mi="4" ci="0" mb="0" cb="0"/><line nr="33" mi="3" ci="0" mb="2" cb="0"/><line nr="34" mi="6" ci="0" mb="0" cb="0"/><line nr="36" mi="3" ci="0" mb="0" cb="0"/><line nr="37" mi="4" ci="0" mb="0" cb="0"/><line nr="38" mi="3" ci="0" mb="2" cb="0"/><line nr="39" mi="6" ci="0" mb="0" cb="0"/><line nr="40" mi="1" ci="0" mb="0" cb="0"/><line nr="41" mi="3" ci="0" mb="0" cb="0"/><line nr="43" mi="4" ci="0" mb="0" cb="0"/><line nr="44" mi="4" ci="0" mb="0" cb="0"/><line nr="46" mi="9" ci="0" mb="0" cb="0"/><line nr="47" mi="4" ci="0" mb="0" cb="0"/><line nr="51" mi="10" ci="0" mb="0" cb="0"/><line nr="52" mi="4" ci="0" mb="0" cb="0"/><line nr="56" mi="9" ci="0" mb="0" cb="0"/><line nr="57" mi="4" ci="0" mb="0" cb="0"/><line nr="61" mi="7" ci="0" mb="0" cb="0"/><line nr="62" mi="1" ci="0" mb="0" cb="0"/><line nr="63" mi="5" ci="0" mb="0" cb="0"/><line nr="64" mi="8" ci="0" mb="0" cb="0"/><line nr="65" mi="9" ci="0" mb="0" cb="0"/><line nr="66" mi="3" ci="0" mb="0" cb="0"/><line nr="67" mi="3" ci="0" mb="0" cb="0"/><line nr="69" mi="1" ci="0" mb="0" cb="0"/><line nr="74" mi="10" ci="0" mb="0" cb="0"/><line nr="75" mi="4" ci="0" mb="0" cb="0"/><line nr="79" mi="6" ci="0" mb="0" cb="0"/><counter type="INSTRUCTION" missed="146" covered="0"/><counter type="BRANCH" missed="4" covered="0"/><counter type="LINE" missed="30" covered="0"/><counter type="COMPLEXITY" missed="10" covered="0"/><counter type="METHOD" missed="8" covered="0"/><counter type="CLASS" missed="1" covered="0"/></sourcefile><sourcefile name="DividendService.java"><line nr="31" mi="0" ci="4" mb="0" cb="0"/><line nr="42" mi="0" ci="4" mb="0" cb="0"/><line nr="43" mi="0" ci="7" mb="0" cb="0"/><line nr="44" mi="0" ci="1" mb="0" cb="0"/><line nr="45" mi="0" ci="4" mb="0" cb="0"/><line nr="46" mi="0" ci="4" mb="0" cb="0"/><line nr="47" mi="0" ci="4" mb="0" cb="0"/><line nr="48" mi="0" ci="4" mb="0" cb="0"/><line nr="49" mi="0" ci="2" mb="0" cb="0"/><line nr="54" mi="0" ci="14" mb="0" cb="0"/><line nr="55" mi="0" ci="1" mb="0" cb="0"/><line nr="56" mi="0" ci="6" mb="0" cb="0"/><line nr="57" mi="0" ci="4" mb="0" cb="0"/><line nr="58" mi="0" ci="4" mb="0" cb="0"/><line nr="60" mi="0" ci="4" mb="0" cb="0"/><line nr="61" mi="0" ci="3" mb="0" cb="0"/><line nr="62" mi="0" ci="3" mb="0" cb="0"/><line nr="63" mi="0" ci="3" mb="0" cb="0"/><line nr="64" mi="0" ci="5" mb="0" cb="0"/><line nr="65" mi="0" ci="2" mb="0" cb="0"/><line nr="70" mi="0" ci="3" mb="0" cb="0"/><line nr="72" mi="0" ci="6" mb="0" cb="0"/><line nr="73" mi="0" ci="4" mb="0" cb="0"/><line nr="74" mi="0" ci="10" mb="0" cb="0"/><line nr="75" mi="0" ci="5" mb="0" cb="0"/><line nr="82" mi="0" ci="3" mb="0" cb="2"/><line nr="83" mi="0" ci="6" mb="0" cb="0"/><line nr="85" mi="0" ci="3" mb="0" cb="0"/><line nr="87" mi="0" ci="7" mb="0" cb="4"/><line nr="88" mi="0" ci="6" mb="0" cb="0"/><line nr="91" mi="0" ci="6" mb="0" cb="2"/><line nr="92" mi="0" ci="6" mb="0" cb="0"/><line nr="95" mi="0" ci="3" mb="0" cb="0"/><line nr="101" mi="0" ci="5" mb="0" cb="0"/><line nr="102" mi="0" ci="6" mb="0" cb="0"/><line nr="103" mi="0" ci="1" mb="0" cb="0"/><line nr="104" mi="4" ci="0" mb="0" cb="0"/><line nr="105" mi="7" ci="0" mb="0" cb="0"/><line nr="110" mi="0" ci="5" mb="2" cb="2"/><line nr="111" mi="0" ci="3" mb="0" cb="0"/><line nr="112" mi="0" ci="2" mb="1" cb="1"/><line nr="113" mi="5" ci="0" mb="0" cb="0"/><line nr="116" mi="0" ci="1" mb="0" cb="0"/><line nr="121" mi="0" ci="7" mb="0" cb="0"/><line nr="122" mi="0" ci="5" mb="0" cb="0"/><line nr="123" mi="0" ci="8" mb="0" cb="0"/><line nr="124" mi="0" ci="3" mb="0" cb="0"/><line nr="125" mi="0" ci="3" mb="0" cb="0"/><line nr="126" mi="0" ci="1" mb="0" cb="0"/><line nr="132" mi="0" ci="8" mb="0" cb="0"/><line nr="133" mi="0" ci="3" mb="0" cb="0"/><line nr="134" mi="1" ci="8" mb="1" cb="1"/><line nr="135" mi="0" ci="7" mb="0" cb="0"/><line nr="136" mi="0" ci="1" mb="0" cb="0"/><line nr="137" mi="0" ci="1" mb="0" cb="0"/><line nr="138" mi="0" ci="6" mb="0" cb="0"/><line nr="139" mi="0" ci="7" mb="0" cb="0"/><line nr="149" mi="0" ci="9" mb="0" cb="0"/><line nr="151" mi="0" ci="4" mb="0" cb="0"/><line nr="152" mi="0" ci="4" mb="0" cb="0"/><line nr="153" mi="0" ci="4" mb="0" cb="0"/><line nr="155" mi="0" ci="17" mb="0" cb="0"/><line nr="158" mi="0" ci="12" mb="0" cb="0"/><line nr="160" mi="0" ci="8" mb="0" cb="0"/><line nr="161" mi="0" ci="1" mb="0" cb="0"/><line nr="162" mi="0" ci="4" mb="0" cb="0"/><line nr="163" mi="0" ci="7" mb="0" cb="0"/><line nr="170" mi="0" ci="9" mb="1" cb="3"/><line nr="171" mi="0" ci="6" mb="0" cb="0"/><line nr="172" mi="0" ci="7" mb="0" cb="0"/><line nr="175" mi="0" ci="4" mb="0" cb="0"/><line nr="177" mi="0" ci="4" mb="0" cb="0"/><line nr="178" mi="0" ci="6" mb="0" cb="0"/><line nr="180" mi="0" ci="9" mb="0" cb="0"/><line nr="181" mi="0" ci="9" mb="0" cb="0"/><line nr="182" mi="0" ci="1" mb="0" cb="0"/><line nr="183" mi="0" ci="7" mb="0" cb="0"/><line nr="184" mi="0" ci="7" mb="0" cb="0"/><line nr="191" mi="0" ci="4" mb="0" cb="0"/><line nr="193" mi="0" ci="9" mb="1" cb="3"/><line nr="194" mi="0" ci="6" mb="0" cb="0"/><line nr="195" mi="0" ci="1" mb="0" cb="0"/><line nr="196" mi="0" ci="4" mb="0" cb="0"/><line nr="197" mi="0" ci="3" mb="0" cb="0"/><line nr="200" mi="0" ci="3" mb="0" cb="0"/><line nr="201" mi="1" ci="8" mb="1" cb="1"/><line nr="203" mi="0" ci="2" mb="0" cb="0"/><line nr="210" mi="0" ci="7" mb="2" cb="2"/><line nr="211" mi="0" ci="5" mb="0" cb="2"/><line nr="212" mi="0" ci="5" mb="0" cb="2"/><line nr="213" mi="0" ci="4" mb="1" cb="1"/><line nr="214" mi="0" ci="3" mb="0" cb="0"/><line nr="217" mi="4" ci="0" mb="0" cb="0"/><line nr="218" mi="7" ci="0" mb="0" cb="0"/><line nr="224" mi="0" ci="3" mb="0" cb="0"/><line nr="225" mi="0" ci="10" mb="0" cb="0"/><line nr="226" mi="0" ci="2" mb="0" cb="0"/><line nr="230" mi="0" ci="7" mb="1" cb="3"/><line nr="231" mi="0" ci="2" mb="0" cb="0"/><line nr="233" mi="0" ci="5" mb="0" cb="0"/><line nr="234" mi="0" ci="5" mb="0" cb="0"/><line nr="235" mi="0" ci="1" mb="0" cb="0"/><line nr="236" mi="0" ci="3" mb="0" cb="0"/><line nr="237" mi="0" ci="2" mb="0" cb="0"/><line nr="241" mi="0" ci="7" mb="1" cb="3"/><line nr="242" mi="0" ci="2" mb="0" cb="0"/><line nr="244" mi="0" ci="5" mb="0" cb="0"/><line nr="245" mi="0" ci="5" mb="0" cb="0"/><line nr="246" mi="0" ci="1" mb="0" cb="0"/><line nr="247" mi="0" ci="3" mb="0" cb="0"/><line nr="248" mi="0" ci="2" mb="0" cb="0"/><line nr="254" mi="0" ci="2" mb="0" cb="0"/><line nr="260" mi="0" ci="4" mb="0" cb="0"/><line nr="261" mi="0" ci="5" mb="0" cb="0"/><line nr="263" mi="0" ci="6" mb="0" cb="0"/><line nr="264" mi="0" ci="1" mb="0" cb="0"/><line nr="265" mi="0" ci="4" mb="0" cb="0"/><line nr="267" mi="0" ci="3" mb="0" cb="0"/><line nr="268" mi="0" ci="2" mb="0" cb="0"/><line nr="272" mi="0" ci="4" mb="0" cb="0"/><line nr="273" mi="0" ci="4" mb="0" cb="0"/><line nr="274" mi="0" ci="4" mb="0" cb="0"/><line nr="275" mi="0" ci="4" mb="0" cb="0"/><line nr="276" mi="0" ci="4" mb="0" cb="0"/><line nr="277" mi="0" ci="4" mb="0" cb="0"/><line nr="278" mi="0" ci="4" mb="0" cb="0"/><line nr="282" mi="0" ci="7" mb="2" cb="2"/><line nr="283" mi="0" ci="4" mb="1" cb="1"/><line nr="284" mi="0" ci="3" mb="0" cb="0"/><line nr="285" mi="0" ci="8" mb="0" cb="0"/><line nr="286" mi="0" ci="2" mb="0" cb="0"/><line nr="287" mi="0" ci="3" mb="0" cb="0"/><line nr="290" mi="0" ci="4" mb="0" cb="0"/><line nr="291" mi="0" ci="2" mb="0" cb="0"/><line nr="295" mi="0" ci="4" mb="0" cb="0"/><line nr="296" mi="0" ci="4" mb="0" cb="0"/><line nr="297" mi="0" ci="4" mb="0" cb="0"/><line nr="298" mi="0" ci="4" mb="0" cb="0"/><line nr="299" mi="0" ci="4" mb="0" cb="0"/><line nr="300" mi="0" ci="4" mb="0" cb="0"/><line nr="301" mi="0" ci="4" mb="0" cb="0"/><line nr="302" mi="0" ci="4" mb="0" cb="0"/><line nr="307" mi="0" ci="2" mb="0" cb="0"/><line nr="315" mi="0" ci="12" mb="0" cb="0"/><line nr="324" mi="0" ci="9" mb="0" cb="0"/><line nr="329" mi="0" ci="4" mb="0" cb="0"/><counter type="INSTRUCTION" missed="29" covered="657"/><counter type="BRANCH" missed="15" covered="35"/><counter type="LINE" missed="5" covered="141"/><counter type="COMPLEXITY" missed="16" covered="49"/><counter type="METHOD" missed="1" covered="39"/><counter type="CLASS" missed="0" covered="3"/></sourcefile><counter type="INSTRUCTION" missed="175" covered="657"/><counter type="BRANCH" missed="19" covered="35"/><counter type="LINE" missed="35" covered="141"/><counter type="COMPLEXITY" missed="26" covered="49"/><counter type="METHOD" missed="9" covered="39"/><counter type="CLASS" missed="1" covered="3"/></package><package name="com/taxdividend/bff/controller"><class name="com/taxdividend/bff/controller/FormController" sourcefilename="FormController.java"><method name="generateTaxForms" desc="(Lreactor/core/publisher/Mono;Lorg/springframework/web/server/ServerWebExchange;)Lreactor/core/publisher/Mono;" line="33"><counter type="INSTRUCTION" missed="8" covered="0"/><counter type="LINE" missed="3" covered="0"/><counter type="COMPLEXITY" missed="1" covered="0"/><counter type="METHOD" missed="1" covered="0"/></method><method name="listForms" desc="(Ljava/lang/Integer;Ljava/lang/String;Lorg/springframework/web/server/ServerWebExchange;)Lreactor/core/publisher/Mono;" line="46"><counter type="INSTRUCTION" missed="9" covered="0"/><counter type="LINE" missed="3" covered="0"/><counter type="COMPLEXITY" missed="1" covered="0"/><counter type="METHOD" missed="1" covered="0"/></method><method name="getForm" desc="(Ljava/util/UUID;Lorg/springframework/web/server/ServerWebExchange;)Lreactor/core/publisher/Mono;" line="56"><counter type="INSTRUCTION" missed="13" covered="0"/><counter type="LINE" missed="5" covered="0"/><counter type="COMPLEXITY" missed="1" covered="0"/><counter type="METHOD" missed="1" covered="0"/></method><method name="downloadForm" desc="(Ljava/util/UUID;Lorg/springframework/web/server/ServerWebExchange;)Lreactor/core/publisher/Mono;" line="68"><counter type="INSTRUCTION" missed="8" covered="0"/><counter type="LINE" missed="3" covered="0"/><counter type="COMPLEXITY" missed="1" covered="0"/><counter type="METHOD" missed="1" covered="0"/></method><method name="getFormDownloadUrl" desc="(Ljava/util/UUID;Ljava/lang/Integer;Lorg/springframework/web/server/ServerWebExchange;)Lreactor/core/publisher/Mono;" line="79"><counter type="INSTRUCTION" missed="14" covered="0"/><counter type="LINE" missed="5" covered="0"/><counter type="COMPLEXITY" missed="1" covered="0"/><counter type="METHOD" missed="1" covered="0"/></method><method name="deleteForm" desc="(Ljava/util/UUID;Lorg/springframework/web/server/ServerWebExchange;)Lreactor/core/publisher/Mono;" line="91"><counter type="INSTRUCTION" missed="12" covered="0"/><counter type="LINE" missed="4" covered="0"/><counter type="COMPLEXITY" missed="1" covered="0"/><counter type="METHOD" missed="1" covered="0"/></method><method name="lambda$deleteForm$1" desc="(Ljava/util/UUID;Ljava/util/UUID;)Lreactor/core/publisher/Mono;" line="93"><counter type="INSTRUCTION" missed="6" covered="0"/><counter type="LINE" missed="1" covered="0"/><counter type="COMPLEXITY" missed="1" covered="0"/><counter type="METHOD" missed="1" covered="0"/></method><method name="lambda$deleteForm$0" desc="(Lorg/springframework/security/core/context/SecurityContext;)Ljava/util/UUID;" line="92"><counter type="INSTRUCTION" missed="5" covered="0"/><counter type="LINE" missed="1" covered="0"/><counter type="COMPLEXITY" missed="1" covered="0"/><counter type="METHOD" missed="1" covered="0"/></method><method name="lambda$getFormDownloadUrl$1" desc="(Ljava/util/UUID;Ljava/lang/Integer;Ljava/util/UUID;)Lreactor/core/publisher/Mono;" line="81"><counter type="INSTRUCTION" missed="7" covered="0"/><counter type="LINE" missed="1" covered="0"/><counter type="COMPLEXITY" missed="1" covered="0"/><counter type="METHOD" missed="1" covered="0"/></method><method name="lambda$getFormDownloadUrl$0" desc="(Lorg/springframework/security/core/context/SecurityContext;)Ljava/util/UUID;" line="80"><counter type="INSTRUCTION" missed="5" covered="0"/><counter type="LINE" missed="1" covered="0"/><counter type="COMPLEXITY" missed="1" covered="0"/><counter type="METHOD" missed="1" covered="0"/></method><method name="lambda$downloadForm$1" desc="(Ljava/util/UUID;Ljava/util/UUID;)Lreactor/core/publisher/Mono;" line="70"><counter type="INSTRUCTION" missed="6" covered="0"/><counter type="LINE" missed="1" covered="0"/><counter type="COMPLEXITY" missed="1" covered="0"/><counter type="METHOD" missed="1" covered="0"/></method><method name="lambda$downloadForm$0" desc="(Lorg/springframework/security/core/context/SecurityContext;)Ljava/util/UUID;" line="69"><counter type="INSTRUCTION" missed="5" covered="0"/><counter type="LINE" missed="1" covered="0"/><counter type="COMPLEXITY" missed="1" covered="0"/><counter type="METHOD" missed="1" covered="0"/></method><method name="lambda$getForm$1" desc="(Ljava/util/UUID;Ljava/util/UUID;)Lreactor/core/publisher/Mono;" line="58"><counter type="INSTRUCTION" missed="6" covered="0"/><counter type="LINE" missed="1" covered="0"/><counter type="COMPLEXITY" missed="1" covered="0"/><counter type="METHOD" missed="1" covered="0"/></method><method name="lambda$getForm$0" desc="(Lorg/springframework/security/core/context/SecurityContext;)Ljava/util/UUID;" line="57"><counter type="INSTRUCTION" missed="5" covered="0"/><counter type="LINE" missed="1" covered="0"/><counter type="COMPLEXITY" missed="1" covered="0"/><counter type="METHOD" missed="1" covered="0"/></method><method name="lambda$listForms$1" desc="(Ljava/lang/Integer;Ljava/lang/String;Ljava/util/UUID;)Lorg/springframework/http/ResponseEntity;" line="48"><counter type="INSTRUCTION" missed="8" covered="0"/><counter type="LINE" missed="1" covered="0"/><counter type="COMPLEXITY" missed="1" covered="0"/><counter type="METHOD" missed="1" covered="0"/></method><method name="lambda$listForms$0" desc="(Lorg/springframework/security/core/context/SecurityContext;)Ljava/util/UUID;" line="47"><counter type="INSTRUCTION" missed="5" covered="0"/><counter type="LINE" missed="1" covered="0"/><counter type="COMPLEXITY" missed="1" covered="0"/><counter type="METHOD" missed="1" covered="0"/></method><method name="lambda$generateTaxForms$1" desc="(Lreactor/core/publisher/Mono;Ljava/util/UUID;)Lreactor/core/publisher/Mono;" line="35"><counter type="INSTRUCTION" missed="6" covered="0"/><counter type="LINE" missed="2" covered="0"/><counter type="COMPLEXITY" missed="1" covered="0"/><counter type="METHOD" missed="1" covered="0"/></method><method name="lambda$generateTaxForms$2" desc="(Ljava/util/UUID;Lcom/taxdividend/bff/model/GenerateTaxFormsRequest;)Lreactor/core/publisher/Mono;" line="36"><counter type="INSTRUCTION" missed="8" covered="0"/><counter type="LINE" missed="2" covered="0"/><counter type="COMPLEXITY" missed="1" covered="0"/><counter type="METHOD" missed="1" covered="0"/></method><method name="lambda$generateTaxForms$0" desc="(Lorg/springframework/security/core/context/SecurityContext;)Ljava/util/UUID;" line="34"><counter type="INSTRUCTION" missed="5" covered="0"/><counter type="LINE" missed="1" covered="0"/><counter type="COMPLEXITY" missed="1" covered="0"/><counter type="METHOD" missed="1" covered="0"/></method><counter type="INSTRUCTION" missed="141" covered="0"/><counter type="LINE" missed="25" covered="0"/><counter type="COMPLEXITY" missed="19" covered="0"/><counter type="METHOD" missed="19" covered="0"/><counter type="CLASS" missed="1" covered="0"/></class><class name="com/taxdividend/bff/controller/DividendController" sourcefilename="DividendController.java"><method name="getDividendStats" desc="(Ljava/lang/Integer;Lorg/springframework/web/server/ServerWebExchange;)Lreactor/core/publisher/Mono;" line="34"><counter type="INSTRUCTION" missed="15" covered="0"/><counter type="LINE" missed="5" covered="0"/><counter type="COMPLEXITY" missed="1" covered="0"/><counter type="METHOD" missed="1" covered="0"/></method><method name="getDividendHistory" desc="(Ljava/lang/Integer;Ljava/lang/Integer;Lorg/springframework/web/server/ServerWebExchange;)Lreactor/core/publisher/Mono;" line="44"><counter type="INSTRUCTION" missed="11" covered="0"/><counter type="LINE" missed="4" covered="0"/><counter type="COMPLEXITY" missed="1" covered="0"/><counter type="METHOD" missed="1" covered="0"/></method><method name="parseDividendStatement" desc="(Lorg/springframework/http/codec/multipart/Part;Lorg/springframework/web/server/ServerWebExchange;)Lreactor/core/publisher/Mono;" line="52"><counter type="INSTRUCTION" missed="7" covered="0"/><counter type="LINE" missed="2" covered="0"/><counter type="COMPLEXITY" missed="1" covered="0"/><counter type="METHOD" missed="1" covered="0"/></method><method name="lambda$getDividendHistory$1" desc="(Ljava/lang/Integer;Ljava/lang/Integer;Ljava/util/UUID;)Lreactor/core/publisher/Mono;" line="46"><counter type="INSTRUCTION" missed="7" covered="0"/><counter type="LINE" missed="1" covered="0"/><counter type="COMPLEXITY" missed="1" covered="0"/><counter type="METHOD" missed="1" covered="0"/></method><method name="lambda$getDividendHistory$0" desc="(Lorg/springframework/security/core/context/SecurityContext;)Ljava/util/UUID;" line="45"><counter type="INSTRUCTION" missed="5" covered="0"/><counter type="LINE" missed="1" covered="0"/><counter type="COMPLEXITY" missed="1" covered="0"/><counter type="METHOD" missed="1" covered="0"/></method><method name="lambda$getDividendStats$1" desc="(Ljava/lang/Integer;Ljava/util/UUID;)Lreactor/core/publisher/Mono;" line="36"><counter type="INSTRUCTION" missed="6" covered="0"/><counter type="LINE" missed="1" covered="0"/><counter type="COMPLEXITY" missed="1" covered="0"/><counter type="METHOD" missed="1" covered="0"/></method><method name="lambda$getDividendStats$0" desc="(Lorg/springframework/security/core/context/SecurityContext;)Ljava/util/UUID;" line="35"><counter type="INSTRUCTION" missed="5" covered="0"/><counter type="LINE" missed="1" covered="0"/><counter type="COMPLEXITY" missed="1" covered="0"/><counter type="METHOD" missed="1" covered="0"/></method><counter type="INSTRUCTION" missed="56" covered="0"/><counter type="LINE" missed="11" covered="0"/><counter type="COMPLEXITY" missed="7" covered="0"/><counter type="METHOD" missed="7" covered="0"/><counter type="CLASS" missed="1" covered="0"/></class><sourcefile name="FormController.java"><line nr="33" mi="3" ci="0" mb="0" cb="0"/><line nr="34" mi="9" ci="0" mb="0" cb="0"/><line nr="35" mi="6" ci="0" mb="0" cb="0"/><line nr="36" mi="8" ci="0" mb="0" cb="0"/><line nr="37" mi="1" ci="0" mb="0" cb="0"/><line nr="46" mi="3" ci="0" mb="0" cb="0"/><line nr="47" mi="10" ci="0" mb="0" cb="0"/><line nr="48" mi="9" ci="0" mb="0" cb="0"/><line nr="56" mi="3" ci="0" mb="0" cb="0"/><line nr="57" mi="9" ci="0" mb="0" cb="0"/><line nr="58" mi="8" ci="0" mb="0" cb="0"/><line nr="59" mi="1" ci="0" mb="0" cb="0"/><line nr="60" mi="3" ci="0" mb="0" cb="0"/><line nr="68" mi="3" ci="0" mb="0" cb="0"/><line nr="69" mi="9" ci="0" mb="0" cb="0"/><line nr="70" mi="7" ci="0" mb="0" cb="0"/><line nr="79" mi="3" ci="0" mb="0" cb="0"/><line nr="80" mi="10" ci="0" mb="0" cb="0"/><line nr="81" mi="9" ci="0" mb="0" cb="0"/><line nr="82" mi="1" ci="0" mb="0" cb="0"/><line nr="83" mi="3" ci="0" mb="0" cb="0"/><line nr="91" mi="3" ci="0" mb="0" cb="0"/><line nr="92" mi="9" ci="0" mb="0" cb="0"/><line nr="93" mi="7" ci="0" mb="0" cb="0"/><line nr="94" mi="4" ci="0" mb="0" cb="0"/><counter type="INSTRUCTION" missed="141" covered="0"/><counter type="LINE" missed="25" covered="0"/><counter type="COMPLEXITY" missed="19" covered="0"/><counter type="METHOD" missed="19" covered="0"/><counter type="CLASS" missed="1" covered="0"/></sourcefile><sourcefile name="DividendController.java"><line nr="34" mi="3" ci="0" mb="0" cb="0"/><line nr="35" mi="9" ci="0" mb="0" cb="0"/><line nr="36" mi="8" ci="0" mb="0" cb="0"/><line nr="37" mi="4" ci="0" mb="0" cb="0"/><line nr="38" mi="2" ci="0" mb="0" cb="0"/><line nr="44" mi="3" ci="0" mb="0" cb="0"/><line nr="45" mi="10" ci="0" mb="0" cb="0"/><line nr="46" mi="9" ci="0" mb="0" cb="0"/><line nr="47" mi="1" ci="0" mb="0" cb="0"/><line nr="52" mi="6" ci="0" mb="0" cb="0"/><line nr="53" mi="1" ci="0" mb="0" cb="0"/><counter type="INSTRUCTION" missed="56" covered="0"/><counter type="LINE" missed="11" covered="0"/><counter type="COMPLEXITY" missed="7" covered="0"/><counter type="METHOD" missed="7" covered="0"/><counter type="CLASS" missed="1" covered="0"/></sourcefile><counter type="INSTRUCTION" missed="197" covered="0"/><counter type="LINE" missed="36" covered="0"/><counter type="COMPLEXITY" missed="26" covered="0"/><counter type="METHOD" missed="26" covered="0"/><counter type="CLASS" missed="2" covered="0"/></package><package name="com/taxdividend/bff/mapper"><class name="com/taxdividend/bff/mapper/FormMapperImpl" sourcefilename="FormMapperImpl.java"><method name="&lt;init&gt;" desc="()V" line="16"><counter type="INSTRUCTION" missed="0" covered="3"/><counter type="LINE" missed="0" covered="1"/><counter type="COMPLEXITY" missed="0" covered="1"/><counter type="METHOD" missed="0" covered="1"/></method><method name="toGeneratedForm" desc="(Lcom/taxdividend/bff/client/model/GeneratedForm;)Lcom/taxdividend/bff/model/GeneratedForm;" line="20"><counter type="INSTRUCTION" missed="2" covered="28"/><counter type="BRANCH" missed="1" covered="1"/><counter type="LINE" missed="1" covered="8"/><counter type="COMPLEXITY" missed="1" covered="1"/><counter type="METHOD" missed="0" covered="1"/></method><method name="toGenerateResponse" desc="(Lcom/taxdividend/bff/client/model/GenerateFormResultDTO;)Lcom/taxdividend/bff/model/GenerateTaxFormsResponse;" line="37"><counter type="INSTRUCTION" missed="2" covered="12"/><counter type="BRANCH" missed="1" covered="1"/><counter type="LINE" missed="1" covered="4"/><counter type="COMPLEXITY" missed="1" covered="1"/><counter type="METHOD" missed="0" covered="1"/></method><method name="toDownloadResponse" desc="(Lcom/taxdividend/bff/client/model/FormDownloadUrlResponse;)Lcom/taxdividend/bff/model/FormDownloadUrlResponse;" line="50"><counter type="INSTRUCTION" missed="2" covered="16"/><counter type="BRANCH" missed="1" covered="1"/><counter type="LINE" missed="1" covered="5"/><counter type="COMPLEXITY" missed="1" covered="1"/><counter type="METHOD" missed="0" covered="1"/></method><counter type="INSTRUCTION" missed="6" covered="59"/><counter type="BRANCH" missed="3" covered="3"/><counter type="LINE" missed="3" covered="18"/><counter type="COMPLEXITY" missed="3" covered="4"/><counter type="METHOD" missed="0" covered="4"/><counter type="CLASS" missed="0" covered="1"/></class><class name="com/taxdividend/bff/mapper/FormMapper" sourcefilename="FormMapper.java"><method name="&lt;clinit&gt;" desc="()V" line="10"><counter type="INSTRUCTION" missed="5" covered="0"/><counter type="LINE" missed="1" covered="0"/><counter type="COMPLEXITY" missed="1" covered="0"/><counter type="METHOD" missed="1" covered="0"/></method><counter type="INSTRUCTION" missed="5" covered="0"/><counter type="LINE" missed="1" covered="0"/><counter type="COMPLEXITY" missed="1" covered="0"/><counter type="METHOD" missed="1" covered="0"/><counter type="CLASS" missed="1" covered="0"/></class><class name="com/taxdividend/bff/mapper/DividendMapper" sourcefilename="DividendMapper.java"><method name="&lt;clinit&gt;" desc="()V" line="13"><counter type="INSTRUCTION" missed="0" covered="5"/><counter type="LINE" missed="0" covered="1"/><counter type="COMPLEXITY" missed="0" covered="1"/><counter type="METHOD" missed="0" covered="1"/></method><counter type="INSTRUCTION" missed="0" covered="5"/><counter type="LINE" missed="0" covered="1"/><counter type="COMPLEXITY" missed="0" covered="1"/><counter type="METHOD" missed="0" covered="1"/><counter type="CLASS" missed="0" covered="1"/></class><class name="com/taxdividend/bff/mapper/DividendMapperImpl" sourcefilename="DividendMapperImpl.java"><method name="&lt;init&gt;" desc="()V" line="14"><counter type="INSTRUCTION" missed="0" covered="3"/><counter type="LINE" missed="0" covered="1"/><counter type="COMPLEXITY" missed="0" covered="1"/><counter type="METHOD" missed="0" covered="1"/></method><method name="toDividendCase" desc="(Lcom/taxdividend/bff/client/model/Dividend;)Lcom/taxdividend/bff/model/DividendCase;" line="18"><counter type="INSTRUCTION" missed="2" covered="43"/><counter type="BRANCH" missed="2" covered="4"/><counter type="LINE" missed="1" covered="10"/><counter type="COMPLEXITY" missed="2" covered="2"/><counter type="METHOD" missed="0" covered="1"/></method><counter type="INSTRUCTION" missed="2" covered="46"/><counter type="BRANCH" missed="2" covered="4"/><counter type="LINE" missed="1" covered="11"/><counter type="COMPLEXITY" missed="2" covered="3"/><counter type="METHOD" missed="0" covered="2"/><counter type="CLASS" missed="0" covered="1"/></class><sourcefile name="FormMapperImpl.java"><line nr="16" mi="0" ci="3" mb="0" cb="0"/><line nr="20" mi="0" ci="2" mb="1" cb="1"/><line nr="21" mi="2" ci="0" mb="0" cb="0"/><line nr="24" mi="0" ci="4" mb="0" cb="0"/><line nr="26" mi="0" ci="4" mb="0" cb="0"/><line nr="27" mi="0" ci="4" mb="0" cb="0"/><line nr="28" mi="0" ci="4" mb="0" cb="0"/><line nr="29" mi="0" ci="4" mb="0" cb="0"/><line nr="30" mi="0" ci="4" mb="0" cb="0"/><line nr="32" mi="0" ci="2" mb="0" cb="0"/><line nr="37" mi="0" ci="2" mb="1" cb="1"/><line nr="38" mi="2" ci="0" mb="0" cb="0"/><line nr="41" mi="0" ci="4" mb="0" cb="0"/><line nr="43" mi="0" ci="4" mb="0" cb="0"/><line nr="45" mi="0" ci="2" mb="0" cb="0"/><line nr="50" mi="0" ci="2" mb="1" cb="1"/><line nr="51" mi="2" ci="0" mb="0" cb="0"/><line nr="54" mi="0" ci="4" mb="0" cb="0"/><line nr="56" mi="0" ci="4" mb="0" cb="0"/><line nr="57" mi="0" ci="4" mb="0" cb="0"/><line nr="59" mi="0" ci="2" mb="0" cb="0"/><counter type="INSTRUCTION" missed="6" covered="59"/><counter type="BRANCH" missed="3" covered="3"/><counter type="LINE" missed="3" covered="18"/><counter type="COMPLEXITY" missed="3" covered="4"/><counter type="METHOD" missed="0" covered="4"/><counter type="CLASS" missed="0" covered="1"/></sourcefile><sourcefile name="DividendMapperImpl.java"><line nr="14" mi="0" ci="3" mb="0" cb="0"/><line nr="18" mi="0" ci="2" mb="1" cb="1"/><line nr="19" mi="2" ci="0" mb="0" cb="0"/><line nr="22" mi="0" ci="4" mb="0" cb="0"/><line nr="24" mi="0" ci="4" mb="0" cb="0"/><line nr="25" mi="0" ci="4" mb="0" cb="0"/><line nr="26" mi="0" ci="4" mb="0" cb="0"/><line nr="27" mi="0" ci="3" mb="1" cb="1"/><line nr="28" mi="0" ci="5" mb="0" cb="0"/><line nr="30" mi="0" ci="4" mb="0" cb="0"/><line nr="32" mi="0" ci="11" mb="0" cb="2"/><line nr="34" mi="0" ci="2" mb="0" cb="0"/><counter type="INSTRUCTION" missed="2" covered="46"/><counter type="BRANCH" missed="2" covered="4"/><counter type="LINE" missed="1" covered="11"/><counter type="COMPLEXITY" missed="2" covered="3"/><counter type="METHOD" missed="0" covered="2"/><counter type="CLASS" missed="0" covered="1"/></sourcefile><sourcefile name="DividendMapper.java"><line nr="13" mi="0" ci="5" mb="0" cb="0"/><counter type="INSTRUCTION" missed="0" covered="5"/><counter type="LINE" missed="0" covered="1"/><counter type="COMPLEXITY" missed="0" covered="1"/><counter type="METHOD" missed="0" covered="1"/><counter type="CLASS" missed="0" covered="1"/></sourcefile><sourcefile name="FormMapper.java"><line nr="10" mi="5" ci="0" mb="0" cb="0"/><counter type="INSTRUCTION" missed="5" covered="0"/><counter type="LINE" missed="1" covered="0"/><counter type="COMPLEXITY" missed="1" covered="0"/><counter type="METHOD" missed="1" covered="0"/><counter type="CLASS" missed="1" covered="0"/></sourcefile><counter type="INSTRUCTION" missed="13" covered="110"/><counter type="BRANCH" missed="5" covered="7"/><counter type="LINE" missed="5" covered="30"/><counter type="COMPLEXITY" missed="6" covered="8"/><counter type="METHOD" missed="1" covered="7"/><counter type="CLASS" missed="1" covered="3"/></package><counter type="INSTRUCTION" missed="519" covered="767"/><counter type="BRANCH" missed="24" covered="42"/><counter type="LINE" missed="96" covered="171"/><counter type="COMPLEXITY" missed="66" covered="57"/><counter type="METHOD" missed="44" covered="46"/><counter type="CLASS" missed="7" covered="6"/></report>