<?xml version="1.0" encoding="UTF-8"?>
<testsuite xmlns:xsi="http://www.w3.org/2001/XMLSchema-instance" xsi:noNamespaceSchemaLocation="https://maven.apache.org/surefire/maven-surefire-plugin/xsd/surefire-test-report.xsd" version="3.0.2" name="com.taxdividend.bff.mapper.DividendMapperTest" time="0.171" tests="6" errors="0" skipped="0" failures="0">
  <properties>
[...]
</properties>
  <testcase name="toDividendCase_AllFields" classname="DividendMapper Tests" time="0.153"/>
  <testcase name="toDividendCase_PreserveUUID" classname="DividendMapper Tests" time="0.0"/>
  <testcase name="toDividendCase_SentStatus" classname="DividendMapper Tests" time="0.0"/>
  <testcase name="toDividendCase_NullStatus" classname="DividendMapper Tests" time="0.0"/>
  <testcase name="toDividendCase_NullOptionalFields" classname="DividendMapper Tests" time="0.0"/>
  <testcase name="toDividendCase_PaidStatus" classname="DividendMapper Tests" time="0.001"/>
</testsuite>